<?xml version="1.0" encoding="UTF-8"?>
<!-- Generated by org.testng.reporters.JUnitReportReporter -->
<testsuite name="demo.jenkins.JenkinsDemo" tests="6" time="0.012" ignored="0" failures="0" timestamp="11 May 2023 09:43:04 GMT" skipped="0" hostname="DESKTOP-VA9V275" errors="0">
  <testcase name="TestSix" time="0.000" classname="demo.jenkins.JenkinsDemo"/>
  <testcase name="TestThree" time="0.000" classname="demo.jenkins.JenkinsDemo"/>
  <testcase name="TestOne" time="0.001" classname="demo.jenkins.JenkinsDemo"/>
  <testcase name="TestFive" time="0.010" classname="demo.jenkins.JenkinsDemo"/>
  <testcase name="TestTwo" time="0.001" classname="demo.jenkins.JenkinsDemo"/>
  <testcase name="TestFour" time="0.000" classname="demo.jenkins.JenkinsDemo"/>
</testsuite> <!-- demo.jenkins.JenkinsDemo -->
